{"name": "Проверка что при создании нового заказа счётчик Выполнено за все время увеличивается", "status": "broken", "statusDetails": {"message": "selenium.common.exceptions.ElementNotInteractableException: Message: Element <button class=\"Modal_modal__close_modified__3V5XS Modal_modal__close__TnseK\" type=\"button\"> could not be scrolled into view\nStacktrace:\nRemoteError@chrome://remote/content/shared/RemoteError.sys.mjs:8:8\nWebDriverError@chrome://remote/content/shared/webdriver/Errors.sys.mjs:187:5\nElementNotInteractableError@chrome://remote/content/shared/webdriver/Errors.sys.mjs:347:5\nwebdriverClickElement@chrome://remote/content/marionette/interaction.sys.mjs:152:11\ninteraction.clickElement@chrome://remote/content/marionette/interaction.sys.mjs:121:11\nclickElement@chrome://remote/content/marionette/actors/MarionetteCommandsChild.sys.mjs:214:29\nreceiveMessage@chrome://remote/content/marionette/actors/MarionetteCommandsChild.sys.mjs:97:31", "trace": "self = <tests.test_orders_feed.TestOrdersFeed object at 0x0000029482555850>\ndriver = <selenium.webdriver.firefox.webdriver.WebDriver (session=\"cb341dac-19d2-4088-9556-b78242191cd0\")>\n\n    @allure.title('Проверка что при создании нового заказа счётчик Выполнено за все время увеличивается')\n    def test_counter_all_time_increased_after_new_order(self, driver):\n        page_personal_account = PersonalAccountPage(driver)\n        page_personal_account.fill_form_login(Url.URL_LOGIN, EMAIL, PASSWORD)\n        main_page = MainPage(driver)\n        main_page.click_orders_feed_button()\n        orders_feed_page = OrdersFeedPage(driver)\n        count_day = int(orders_feed_page.get_count_all_time())\n        main_page.click_constructor_button()\n>       main_page.make_order()\n\ntests\\test_orders_feed.py:59: \n_ _ _ _ _ _ _ _ _ _ _ _ _ _ _ _ _ _ _ _ _ _ _ _ _ _ _ _ _ _ _ _ _ _ _ _ _ _ _ _ _ _ _ _ _ _ _ _ _ _ _ _ _ _ _ _ _ _ _ _ _ _ _ _ _ _ _ _ _ _ _ _ _ _ _ _ _ _ _ _ _ _ _ _ _ \npages\\main_page.py:69: in make_order\n    self.click_close_order_details_window()\npages\\main_page.py:63: in click_close_order_details_window\n    self.click_element(MainPageLocators.BUTTON_CLOSE_WINDOW)\npages\\base_page.py:11: in click_element\n    self.driver.find_element(*locator).click()\n.venv\\Lib\\site-packages\\selenium\\webdriver\\remote\\webelement.py:94: in click\n    self._execute(Command.CLICK_ELEMENT)\n.venv\\Lib\\site-packages\\selenium\\webdriver\\remote\\webelement.py:395: in _execute\n    return self._parent.execute(command, params)\n.venv\\Lib\\site-packages\\selenium\\webdriver\\remote\\webdriver.py:354: in execute\n    self.error_handler.check_response(response)\n_ _ _ _ _ _ _ _ _ _ _ _ _ _ _ _ _ _ _ _ _ _ _ _ _ _ _ _ _ _ _ _ _ _ _ _ _ _ _ _ _ _ _ _ _ _ _ _ _ _ _ _ _ _ _ _ _ _ _ _ _ _ _ _ _ _ _ _ _ _ _ _ _ _ _ _ _ _ _ _ _ _ _ _ _ \n\nself = <selenium.webdriver.remote.errorhandler.ErrorHandler object at 0x00000294826C3DA0>\nresponse = {'status': 400, 'value': '{\"value\":{\"error\":\"element not interactable\",\"message\":\"Element <button class=\\\\\"Modal_modal...sys.mjs:214:29\\\\nreceiveMessage@chrome://remote/content/marionette/actors/MarionetteCommandsChild.sys.mjs:97:31\\\\n\"}}'}\n\n    def check_response(self, response: Dict[str, Any]) -> None:\n        \"\"\"Checks that a JSON response from the WebDriver does not have an\n        error.\n    \n        :Args:\n         - response - The JSON response from the WebDriver server as a dictionary\n           object.\n    \n        :Raises: If the response contains an error message.\n        \"\"\"\n        status = response.get(\"status\", None)\n        if not status or status == ErrorCode.SUCCESS:\n            return\n        value = None\n        message = response.get(\"message\", \"\")\n        screen: str = response.get(\"screen\", \"\")\n        stacktrace = None\n        if isinstance(status, int):\n            value_json = response.get(\"value\", None)\n            if value_json and isinstance(value_json, str):\n                import json\n    \n                try:\n                    value = json.loads(value_json)\n                    if len(value) == 1:\n                        value = value[\"value\"]\n                    status = value.get(\"error\", None)\n                    if not status:\n                        status = value.get(\"status\", ErrorCode.UNKNOWN_ERROR)\n                        message = value.get(\"value\") or value.get(\"message\")\n                        if not isinstance(message, str):\n                            value = message\n                            message = message.get(\"message\")\n                    else:\n                        message = value.get(\"message\", None)\n                except ValueError:\n                    pass\n    \n        exception_class: Type[WebDriverException]\n        e = ErrorCode()\n        error_codes = [item for item in dir(e) if not item.startswith(\"__\")]\n        for error_code in error_codes:\n            error_info = getattr(ErrorCode, error_code)\n            if isinstance(error_info, list) and status in error_info:\n                exception_class = getattr(ExceptionMapping, error_code, WebDriverException)\n                break\n        else:\n            exception_class = WebDriverException\n    \n        if not value:\n            value = response[\"value\"]\n        if isinstance(value, str):\n            raise exception_class(value)\n        if message == \"\" and \"message\" in value:\n            message = value[\"message\"]\n    \n        screen = None  # type: ignore[assignment]\n        if \"screen\" in value:\n            screen = value[\"screen\"]\n    \n        stacktrace = None\n        st_value = value.get(\"stackTrace\") or value.get(\"stacktrace\")\n        if st_value:\n            if isinstance(st_value, str):\n                stacktrace = st_value.split(\"\\n\")\n            else:\n                stacktrace = []\n                try:\n                    for frame in st_value:\n                        line = frame.get(\"lineNumber\", \"\")\n                        file = frame.get(\"fileName\", \"<anonymous>\")\n                        if line:\n                            file = f\"{file}:{line}\"\n                        meth = frame.get(\"methodName\", \"<anonymous>\")\n                        if \"className\" in frame:\n                            meth = f\"{frame['className']}.{meth}\"\n                        msg = \"    at %s (%s)\"\n                        msg = msg % (meth, file)\n                        stacktrace.append(msg)\n                except TypeError:\n                    pass\n        if exception_class == UnexpectedAlertPresentException:\n            alert_text = None\n            if \"data\" in value:\n                alert_text = value[\"data\"].get(\"text\")\n            elif \"alert\" in value:\n                alert_text = value[\"alert\"].get(\"text\")\n            raise exception_class(message, screen, stacktrace, alert_text)  # type: ignore[call-arg]  # mypy is not smart enough here\n>       raise exception_class(message, screen, stacktrace)\nE       selenium.common.exceptions.ElementNotInteractableException: Message: Element <button class=\"Modal_modal__close_modified__3V5XS Modal_modal__close__TnseK\" type=\"button\"> could not be scrolled into view\nE       Stacktrace:\nE       RemoteError@chrome://remote/content/shared/RemoteError.sys.mjs:8:8\nE       WebDriverError@chrome://remote/content/shared/webdriver/Errors.sys.mjs:187:5\nE       ElementNotInteractableError@chrome://remote/content/shared/webdriver/Errors.sys.mjs:347:5\nE       webdriverClickElement@chrome://remote/content/marionette/interaction.sys.mjs:152:11\nE       interaction.clickElement@chrome://remote/content/marionette/interaction.sys.mjs:121:11\nE       clickElement@chrome://remote/content/marionette/actors/MarionetteCommandsChild.sys.mjs:214:29\nE       receiveMessage@chrome://remote/content/marionette/actors/MarionetteCommandsChild.sys.mjs:97:31\n\n.venv\\Lib\\site-packages\\selenium\\webdriver\\remote\\errorhandler.py:229: ElementNotInteractableException"}, "steps": [{"name": "Заполнение формы авторизации", "status": "passed", "steps": [{"name": "Заполнение поля \"Email\"", "status": "passed", "parameters": [{"name": "email", "value": "'korneeva2506@gmail.com'"}], "start": 1720074842424, "stop": 1720074842599}, {"name": "Заполнение поля \"Пароль\"", "status": "passed", "parameters": [{"name": "password", "value": "'123456'"}], "start": 1720074842599, "stop": 1720074842626}, {"name": "Нажать на кнопку \"Войти\"", "status": "passed", "start": 1720074842626, "stop": 1720074842868}, {"name": "Ожидание загрузки главной страницы ", "status": "passed", "start": 1720074842868, "stop": 1720074843407}], "parameters": [{"name": "url", "value": "'https://stellarburgers.nomoreparties.site/login'"}, {"name": "email", "value": "'korneeva2506@gmail.com'"}, {"name": "password", "value": "'123456'"}], "start": 1720074841605, "stop": 1720074843407}, {"name": "Нажать на кнопку \"Лента заказов\"", "status": "passed", "start": 1720074843408, "stop": 1720074843648}, {"name": "Получение значения счетчика \"Выполнено за всё время\"", "status": "passed", "start": 1720074843648, "stop": 1720074845227}, {"name": "Нажать на кнопку \"Конструктор\"", "status": "passed", "start": 1720074845227, "stop": 1720074845505}, {"name": "Создание заказа", "status": "broken", "statusDetails": {"message": "selenium.common.exceptions.ElementNotInteractableException: Message: Element <button class=\"Modal_modal__close_modified__3V5XS Modal_modal__close__TnseK\" type=\"button\"> could not be scrolled into view\nStacktrace:\nRemoteError@chrome://remote/content/shared/RemoteError.sys.mjs:8:8\nWebDriverError@chrome://remote/content/shared/webdriver/Errors.sys.mjs:187:5\nElementNotInteractableError@chrome://remote/content/shared/webdriver/Errors.sys.mjs:347:5\nwebdriverClickElement@chrome://remote/content/marionette/interaction.sys.mjs:152:11\ninteraction.clickElement@chrome://remote/content/marionette/interaction.sys.mjs:121:11\nclickElement@chrome://remote/content/marionette/actors/MarionetteCommandsChild.sys.mjs:214:29\nreceiveMessage@chrome://remote/content/marionette/actors/MarionetteCommandsChild.sys.mjs:97:31\n\n", "trace": "  File \"F:\\Обучение\\Тестировщик\\Diplom\\Diplom_3\\.venv\\Lib\\site-packages\\allure_commons\\_allure.py\", line 192, in impl\n    return func(*a, **kw)\n           ^^^^^^^^^^^^^^\n  File \"F:\\Обучение\\Тестировщик\\Diplom\\Diplom_3\\pages\\main_page.py\", line 69, in make_order\n    self.click_close_order_details_window()\n  File \"F:\\Обучение\\Тестировщик\\Diplom\\Diplom_3\\.venv\\Lib\\site-packages\\allure_commons\\_allure.py\", line 192, in impl\n    return func(*a, **kw)\n           ^^^^^^^^^^^^^^\n  File \"F:\\Обучение\\Тестировщик\\Diplom\\Diplom_3\\pages\\main_page.py\", line 63, in click_close_order_details_window\n    self.click_element(MainPageLocators.BUTTON_CLOSE_WINDOW)\n  File \"F:\\Обучение\\Тестировщик\\Diplom\\Diplom_3\\pages\\base_page.py\", line 11, in click_element\n    self.driver.find_element(*locator).click()\n  File \"F:\\Обучение\\Тестировщик\\Diplom\\Diplom_3\\.venv\\Lib\\site-packages\\selenium\\webdriver\\remote\\webelement.py\", line 94, in click\n    self._execute(Command.CLICK_ELEMENT)\n  File \"F:\\Обучение\\Тестировщик\\Diplom\\Diplom_3\\.venv\\Lib\\site-packages\\selenium\\webdriver\\remote\\webelement.py\", line 395, in _execute\n    return self._parent.execute(command, params)\n           ^^^^^^^^^^^^^^^^^^^^^^^^^^^^^^^^^^^^^\n  File \"F:\\Обучение\\Тестировщик\\Diplom\\Diplom_3\\.venv\\Lib\\site-packages\\selenium\\webdriver\\remote\\webdriver.py\", line 354, in execute\n    self.error_handler.check_response(response)\n  File \"F:\\Обучение\\Тестировщик\\Diplom\\Diplom_3\\.venv\\Lib\\site-packages\\selenium\\webdriver\\remote\\errorhandler.py\", line 229, in check_response\n    raise exception_class(message, screen, stacktrace)\n"}, "steps": [{"name": "Добавление ингредиента в заказ", "status": "passed", "start": 1720074845505, "stop": 1720074846058}, {"name": "Нажать на кнопку \"Оформить заказ\"", "status": "passed", "start": 1720074846058, "stop": 1720074846302}, {"name": "Нажать на крестик для закрытия окна с деталями заказа", "status": "broken", "statusDetails": {"message": "selenium.common.exceptions.ElementNotInteractableException: Message: Element <button class=\"Modal_modal__close_modified__3V5XS Modal_modal__close__TnseK\" type=\"button\"> could not be scrolled into view\nStacktrace:\nRemoteError@chrome://remote/content/shared/RemoteError.sys.mjs:8:8\nWebDriverError@chrome://remote/content/shared/webdriver/Errors.sys.mjs:187:5\nElementNotInteractableError@chrome://remote/content/shared/webdriver/Errors.sys.mjs:347:5\nwebdriverClickElement@chrome://remote/content/marionette/interaction.sys.mjs:152:11\ninteraction.clickElement@chrome://remote/content/marionette/interaction.sys.mjs:121:11\nclickElement@chrome://remote/content/marionette/actors/MarionetteCommandsChild.sys.mjs:214:29\nreceiveMessage@chrome://remote/content/marionette/actors/MarionetteCommandsChild.sys.mjs:97:31\n\n", "trace": "  File \"F:\\Обучение\\Тестировщик\\Diplom\\Diplom_3\\.venv\\Lib\\site-packages\\allure_commons\\_allure.py\", line 192, in impl\n    return func(*a, **kw)\n           ^^^^^^^^^^^^^^\n  File \"F:\\Обучение\\Тестировщик\\Diplom\\Diplom_3\\pages\\main_page.py\", line 63, in click_close_order_details_window\n    self.click_element(MainPageLocators.BUTTON_CLOSE_WINDOW)\n  File \"F:\\Обучение\\Тестировщик\\Diplom\\Diplom_3\\pages\\base_page.py\", line 11, in click_element\n    self.driver.find_element(*locator).click()\n  File \"F:\\Обучение\\Тестировщик\\Diplom\\Diplom_3\\.venv\\Lib\\site-packages\\selenium\\webdriver\\remote\\webelement.py\", line 94, in click\n    self._execute(Command.CLICK_ELEMENT)\n  File \"F:\\Обучение\\Тестировщик\\Diplom\\Diplom_3\\.venv\\Lib\\site-packages\\selenium\\webdriver\\remote\\webelement.py\", line 395, in _execute\n    return self._parent.execute(command, params)\n           ^^^^^^^^^^^^^^^^^^^^^^^^^^^^^^^^^^^^^\n  File \"F:\\Обучение\\Тестировщик\\Diplom\\Diplom_3\\.venv\\Lib\\site-packages\\selenium\\webdriver\\remote\\webdriver.py\", line 354, in execute\n    self.error_handler.check_response(response)\n  File \"F:\\Обучение\\Тестировщик\\Diplom\\Diplom_3\\.venv\\Lib\\site-packages\\selenium\\webdriver\\remote\\errorhandler.py\", line 229, in check_response\n    raise exception_class(message, screen, stacktrace)\n"}, "steps": [{"name": "Получение номера заказа в всплывающем окне после оформления заказа", "status": "passed", "start": 1720074846302, "stop": 1720074930655}], "start": 1720074846302, "stop": 1720074930668}], "start": 1720074845505, "stop": 1720074930669}], "parameters": [{"name": "driver", "value": "'firefox'"}], "start": 1720074841604, "stop": 1720074930671, "uuid": "68635933-6740-415a-8de1-62b683ab610e", "historyId": "1b3e54bf6205d9da6e56580ce2972d83", "testCaseId": "e97ce181e6fd7075a2889eb8b62b4209", "fullName": "tests.test_orders_feed.TestOrdersFeed#test_counter_all_time_increased_after_new_order", "labels": [{"name": "feature", "value": "Проверка раздела «Лента заказов»"}, {"name": "parentSuite", "value": "tests"}, {"name": "suite", "value": "test_orders_feed"}, {"name": "subSuite", "value": "TestOrdersFeed"}, {"name": "host", "value": "DESKTOP-9ENBRFN"}, {"name": "thread", "value": "19896-MainThread"}, {"name": "framework", "value": "pytest"}, {"name": "language", "value": "cpython3"}, {"name": "package", "value": "tests.test_orders_feed"}]}