{"name": "Проверка что после оформления заказа его номер появляется в разделе В работе", "status": "broken", "statusDetails": {"message": "selenium.common.exceptions.ElementClickInterceptedException: Message: Element <button class=\"button_button__33qZ0 button_button_type_primary__1O7Bx button_button_size_medium__3zxIa\"> is not clickable at point (960,548) because another element <div class=\"Modal_modal_overlay__x2ZCr\"> obscures it\nStacktrace:\nRemoteError@chrome://remote/content/shared/RemoteError.sys.mjs:8:8\nWebDriverError@chrome://remote/content/shared/webdriver/Errors.sys.mjs:187:5\nElementClickInterceptedError@chrome://remote/content/shared/webdriver/Errors.sys.mjs:331:5\nwebdriverClickElement@chrome://remote/content/marionette/interaction.sys.mjs:162:11\ninteraction.clickElement@chrome://remote/content/marionette/interaction.sys.mjs:121:11\nclickElement@chrome://remote/content/marionette/actors/MarionetteCommandsChild.sys.mjs:214:29\nreceiveMessage@chrome://remote/content/marionette/actors/MarionetteCommandsChild.sys.mjs:97:31", "trace": "self = <tests.test_orders_feed.TestOrdersFeed object at 0x0000029482555B20>\ndriver = <selenium.webdriver.firefox.webdriver.WebDriver (session=\"245c677f-255b-4b7c-8758-0c308b9633b6\")>\n\n    @allure.title('Проверка что после оформления заказа его номер появляется в разделе В работе')\n    def test_order_number_in_section_in_work(self, driver):\n        page_personal_account = PersonalAccountPage(driver)\n>       page_personal_account.fill_form_login(Url.URL_LOGIN, EMAIL, PASSWORD)\n\ntests\\test_orders_feed.py:67: \n_ _ _ _ _ _ _ _ _ _ _ _ _ _ _ _ _ _ _ _ _ _ _ _ _ _ _ _ _ _ _ _ _ _ _ _ _ _ _ _ _ _ _ _ _ _ _ _ _ _ _ _ _ _ _ _ _ _ _ _ _ _ _ _ _ _ _ _ _ _ _ _ _ _ _ _ _ _ _ _ _ _ _ _ _ \npages\\personal_account_page.py:28: in fill_form_login\n    self.click_enter_button()\npages\\personal_account_page.py:17: in click_enter_button\n    self.click_element(PersonalAccountPageLocators.BUTTON_ENTER)\npages\\base_page.py:11: in click_element\n    self.driver.find_element(*locator).click()\n.venv\\Lib\\site-packages\\selenium\\webdriver\\remote\\webelement.py:94: in click\n    self._execute(Command.CLICK_ELEMENT)\n.venv\\Lib\\site-packages\\selenium\\webdriver\\remote\\webelement.py:395: in _execute\n    return self._parent.execute(command, params)\n.venv\\Lib\\site-packages\\selenium\\webdriver\\remote\\webdriver.py:354: in execute\n    self.error_handler.check_response(response)\n_ _ _ _ _ _ _ _ _ _ _ _ _ _ _ _ _ _ _ _ _ _ _ _ _ _ _ _ _ _ _ _ _ _ _ _ _ _ _ _ _ _ _ _ _ _ _ _ _ _ _ _ _ _ _ _ _ _ _ _ _ _ _ _ _ _ _ _ _ _ _ _ _ _ _ _ _ _ _ _ _ _ _ _ _ \n\nself = <selenium.webdriver.remote.errorhandler.ErrorHandler object at 0x00000294826C1AC0>\nresponse = {'status': 400, 'value': '{\"value\":{\"error\":\"element click intercepted\",\"message\":\"Element <button class=\\\\\"button_but...sys.mjs:214:29\\\\nreceiveMessage@chrome://remote/content/marionette/actors/MarionetteCommandsChild.sys.mjs:97:31\\\\n\"}}'}\n\n    def check_response(self, response: Dict[str, Any]) -> None:\n        \"\"\"Checks that a JSON response from the WebDriver does not have an\n        error.\n    \n        :Args:\n         - response - The JSON response from the WebDriver server as a dictionary\n           object.\n    \n        :Raises: If the response contains an error message.\n        \"\"\"\n        status = response.get(\"status\", None)\n        if not status or status == ErrorCode.SUCCESS:\n            return\n        value = None\n        message = response.get(\"message\", \"\")\n        screen: str = response.get(\"screen\", \"\")\n        stacktrace = None\n        if isinstance(status, int):\n            value_json = response.get(\"value\", None)\n            if value_json and isinstance(value_json, str):\n                import json\n    \n                try:\n                    value = json.loads(value_json)\n                    if len(value) == 1:\n                        value = value[\"value\"]\n                    status = value.get(\"error\", None)\n                    if not status:\n                        status = value.get(\"status\", ErrorCode.UNKNOWN_ERROR)\n                        message = value.get(\"value\") or value.get(\"message\")\n                        if not isinstance(message, str):\n                            value = message\n                            message = message.get(\"message\")\n                    else:\n                        message = value.get(\"message\", None)\n                except ValueError:\n                    pass\n    \n        exception_class: Type[WebDriverException]\n        e = ErrorCode()\n        error_codes = [item for item in dir(e) if not item.startswith(\"__\")]\n        for error_code in error_codes:\n            error_info = getattr(ErrorCode, error_code)\n            if isinstance(error_info, list) and status in error_info:\n                exception_class = getattr(ExceptionMapping, error_code, WebDriverException)\n                break\n        else:\n            exception_class = WebDriverException\n    \n        if not value:\n            value = response[\"value\"]\n        if isinstance(value, str):\n            raise exception_class(value)\n        if message == \"\" and \"message\" in value:\n            message = value[\"message\"]\n    \n        screen = None  # type: ignore[assignment]\n        if \"screen\" in value:\n            screen = value[\"screen\"]\n    \n        stacktrace = None\n        st_value = value.get(\"stackTrace\") or value.get(\"stacktrace\")\n        if st_value:\n            if isinstance(st_value, str):\n                stacktrace = st_value.split(\"\\n\")\n            else:\n                stacktrace = []\n                try:\n                    for frame in st_value:\n                        line = frame.get(\"lineNumber\", \"\")\n                        file = frame.get(\"fileName\", \"<anonymous>\")\n                        if line:\n                            file = f\"{file}:{line}\"\n                        meth = frame.get(\"methodName\", \"<anonymous>\")\n                        if \"className\" in frame:\n                            meth = f\"{frame['className']}.{meth}\"\n                        msg = \"    at %s (%s)\"\n                        msg = msg % (meth, file)\n                        stacktrace.append(msg)\n                except TypeError:\n                    pass\n        if exception_class == UnexpectedAlertPresentException:\n            alert_text = None\n            if \"data\" in value:\n                alert_text = value[\"data\"].get(\"text\")\n            elif \"alert\" in value:\n                alert_text = value[\"alert\"].get(\"text\")\n            raise exception_class(message, screen, stacktrace, alert_text)  # type: ignore[call-arg]  # mypy is not smart enough here\n>       raise exception_class(message, screen, stacktrace)\nE       selenium.common.exceptions.ElementClickInterceptedException: Message: Element <button class=\"button_button__33qZ0 button_button_type_primary__1O7Bx button_button_size_medium__3zxIa\"> is not clickable at point (960,548) because another element <div class=\"Modal_modal_overlay__x2ZCr\"> obscures it\nE       Stacktrace:\nE       RemoteError@chrome://remote/content/shared/RemoteError.sys.mjs:8:8\nE       WebDriverError@chrome://remote/content/shared/webdriver/Errors.sys.mjs:187:5\nE       ElementClickInterceptedError@chrome://remote/content/shared/webdriver/Errors.sys.mjs:331:5\nE       webdriverClickElement@chrome://remote/content/marionette/interaction.sys.mjs:162:11\nE       interaction.clickElement@chrome://remote/content/marionette/interaction.sys.mjs:121:11\nE       clickElement@chrome://remote/content/marionette/actors/MarionetteCommandsChild.sys.mjs:214:29\nE       receiveMessage@chrome://remote/content/marionette/actors/MarionetteCommandsChild.sys.mjs:97:31\n\n.venv\\Lib\\site-packages\\selenium\\webdriver\\remote\\errorhandler.py:229: ElementClickInterceptedException"}, "steps": [{"name": "Заполнение формы авторизации", "status": "broken", "statusDetails": {"message": "selenium.common.exceptions.ElementClickInterceptedException: Message: Element <button class=\"button_button__33qZ0 button_button_type_primary__1O7Bx button_button_size_medium__3zxIa\"> is not clickable at point (960,548) because another element <div class=\"Modal_modal_overlay__x2ZCr\"> obscures it\nStacktrace:\nRemoteError@chrome://remote/content/shared/RemoteError.sys.mjs:8:8\nWebDriverError@chrome://remote/content/shared/webdriver/Errors.sys.mjs:187:5\nElementClickInterceptedError@chrome://remote/content/shared/webdriver/Errors.sys.mjs:331:5\nwebdriverClickElement@chrome://remote/content/marionette/interaction.sys.mjs:162:11\ninteraction.clickElement@chrome://remote/content/marionette/interaction.sys.mjs:121:11\nclickElement@chrome://remote/content/marionette/actors/MarionetteCommandsChild.sys.mjs:214:29\nreceiveMessage@chrome://remote/content/marionette/actors/MarionetteCommandsChild.sys.mjs:97:31\n\n", "trace": "  File \"F:\\Обучение\\Тестировщик\\Diplom\\Diplom_3\\.venv\\Lib\\site-packages\\allure_commons\\_allure.py\", line 192, in impl\n    return func(*a, **kw)\n           ^^^^^^^^^^^^^^\n  File \"F:\\Обучение\\Тестировщик\\Diplom\\Diplom_3\\pages\\personal_account_page.py\", line 28, in fill_form_login\n    self.click_enter_button()\n  File \"F:\\Обучение\\Тестировщик\\Diplom\\Diplom_3\\.venv\\Lib\\site-packages\\allure_commons\\_allure.py\", line 192, in impl\n    return func(*a, **kw)\n           ^^^^^^^^^^^^^^\n  File \"F:\\Обучение\\Тестировщик\\Diplom\\Diplom_3\\pages\\personal_account_page.py\", line 17, in click_enter_button\n    self.click_element(PersonalAccountPageLocators.BUTTON_ENTER)\n  File \"F:\\Обучение\\Тестировщик\\Diplom\\Diplom_3\\pages\\base_page.py\", line 11, in click_element\n    self.driver.find_element(*locator).click()\n  File \"F:\\Обучение\\Тестировщик\\Diplom\\Diplom_3\\.venv\\Lib\\site-packages\\selenium\\webdriver\\remote\\webelement.py\", line 94, in click\n    self._execute(Command.CLICK_ELEMENT)\n  File \"F:\\Обучение\\Тестировщик\\Diplom\\Diplom_3\\.venv\\Lib\\site-packages\\selenium\\webdriver\\remote\\webelement.py\", line 395, in _execute\n    return self._parent.execute(command, params)\n           ^^^^^^^^^^^^^^^^^^^^^^^^^^^^^^^^^^^^^\n  File \"F:\\Обучение\\Тестировщик\\Diplom\\Diplom_3\\.venv\\Lib\\site-packages\\selenium\\webdriver\\remote\\webdriver.py\", line 354, in execute\n    self.error_handler.check_response(response)\n  File \"F:\\Обучение\\Тестировщик\\Diplom\\Diplom_3\\.venv\\Lib\\site-packages\\selenium\\webdriver\\remote\\errorhandler.py\", line 229, in check_response\n    raise exception_class(message, screen, stacktrace)\n"}, "steps": [{"name": "Заполнение поля \"Email\"", "status": "passed", "parameters": [{"name": "email", "value": "'korneeva2506@gmail.com'"}], "start": 1720074977097, "stop": 1720074977269}, {"name": "Заполнение поля \"Пароль\"", "status": "passed", "parameters": [{"name": "password", "value": "'123456'"}], "start": 1720074977269, "stop": 1720074977301}, {"name": "Нажать на кнопку \"Войти\"", "status": "broken", "statusDetails": {"message": "selenium.common.exceptions.ElementClickInterceptedException: Message: Element <button class=\"button_button__33qZ0 button_button_type_primary__1O7Bx button_button_size_medium__3zxIa\"> is not clickable at point (960,548) because another element <div class=\"Modal_modal_overlay__x2ZCr\"> obscures it\nStacktrace:\nRemoteError@chrome://remote/content/shared/RemoteError.sys.mjs:8:8\nWebDriverError@chrome://remote/content/shared/webdriver/Errors.sys.mjs:187:5\nElementClickInterceptedError@chrome://remote/content/shared/webdriver/Errors.sys.mjs:331:5\nwebdriverClickElement@chrome://remote/content/marionette/interaction.sys.mjs:162:11\ninteraction.clickElement@chrome://remote/content/marionette/interaction.sys.mjs:121:11\nclickElement@chrome://remote/content/marionette/actors/MarionetteCommandsChild.sys.mjs:214:29\nreceiveMessage@chrome://remote/content/marionette/actors/MarionetteCommandsChild.sys.mjs:97:31\n\n", "trace": "  File \"F:\\Обучение\\Тестировщик\\Diplom\\Diplom_3\\.venv\\Lib\\site-packages\\allure_commons\\_allure.py\", line 192, in impl\n    return func(*a, **kw)\n           ^^^^^^^^^^^^^^\n  File \"F:\\Обучение\\Тестировщик\\Diplom\\Diplom_3\\pages\\personal_account_page.py\", line 17, in click_enter_button\n    self.click_element(PersonalAccountPageLocators.BUTTON_ENTER)\n  File \"F:\\Обучение\\Тестировщик\\Diplom\\Diplom_3\\pages\\base_page.py\", line 11, in click_element\n    self.driver.find_element(*locator).click()\n  File \"F:\\Обучение\\Тестировщик\\Diplom\\Diplom_3\\.venv\\Lib\\site-packages\\selenium\\webdriver\\remote\\webelement.py\", line 94, in click\n    self._execute(Command.CLICK_ELEMENT)\n  File \"F:\\Обучение\\Тестировщик\\Diplom\\Diplom_3\\.venv\\Lib\\site-packages\\selenium\\webdriver\\remote\\webelement.py\", line 395, in _execute\n    return self._parent.execute(command, params)\n           ^^^^^^^^^^^^^^^^^^^^^^^^^^^^^^^^^^^^^\n  File \"F:\\Обучение\\Тестировщик\\Diplom\\Diplom_3\\.venv\\Lib\\site-packages\\selenium\\webdriver\\remote\\webdriver.py\", line 354, in execute\n    self.error_handler.check_response(response)\n  File \"F:\\Обучение\\Тестировщик\\Diplom\\Diplom_3\\.venv\\Lib\\site-packages\\selenium\\webdriver\\remote\\errorhandler.py\", line 229, in check_response\n    raise exception_class(message, screen, stacktrace)\n"}, "start": 1720074977301, "stop": 1720074977318}], "parameters": [{"name": "url", "value": "'https://stellarburgers.nomoreparties.site/login'"}, {"name": "email", "value": "'korneeva2506@gmail.com'"}, {"name": "password", "value": "'123456'"}], "start": 1720074975692, "stop": 1720074977320}], "parameters": [{"name": "driver", "value": "'firefox'"}], "start": 1720074975692, "stop": 1720074977321, "uuid": "8478a11d-b72e-4343-9c9d-62f2a547f655", "historyId": "d3e3172a9700ebba5e330e471f09a736", "testCaseId": "a3f19fcfc7e699c875d452e4f50d39ce", "fullName": "tests.test_orders_feed.TestOrdersFeed#test_order_number_in_section_in_work", "labels": [{"name": "feature", "value": "Проверка раздела «Лента заказов»"}, {"name": "parentSuite", "value": "tests"}, {"name": "suite", "value": "test_orders_feed"}, {"name": "subSuite", "value": "TestOrdersFeed"}, {"name": "host", "value": "DESKTOP-9ENBRFN"}, {"name": "thread", "value": "19896-MainThread"}, {"name": "framework", "value": "pytest"}, {"name": "language", "value": "cpython3"}, {"name": "package", "value": "tests.test_orders_feed"}]}